<?xml version="1.0" encoding="UTF-8"?>
<!-- Generated by org.testng.reporters.JUnitXMLReporter -->
<testsuite hostname="DESKTOP-O6MA943" ignored="1" name="Loan" tests="7" failures="2" timestamp="2022-11-29T14:48:12 IST" time="0.12" errors="0">
  <testcase name="Demo" time="0.002" classname="testNGSec19.day3"/>
  <testcase name="Demo" time="0.006" classname="testNGSec19.day3"/>
  <testcase name="Demo" time="0.004" classname="testNGSec19.day3"/>
  <testcase name="Demo1" time="0.0" classname="testNGSec19.day3">
    <failure type="org.testng.TestNGException" message="
Parameter &amp;apos;URL&amp;apos; is required by @Test on method Demo1 but has not been marked @Optional or defined
in C:\Users\nagae\eclipse-workspace\OnlineJavaVideos\testng.xml">
      <![CDATA[org.testng.TestNGException: 
Parameter 'URL' is required by @Test on method Demo1 but has not been marked @Optional or defined
in C:\Users\nagae\eclipse-workspace\OnlineJavaVideos\testng.xml
at java.util.ArrayList.forEach(Unknown Source)
... Removed 26 stack frames]]>
    </failure>
  </testcase> <!-- Demo1 -->
  <testcase name="Demo2" time="0.004" classname="testNGSec19.day3"/>
  <testcase name="Mobile" time="0.0" classname="testNGSec19.day2">
    <failure type="org.testng.TestNGException" message="
Parameter &amp;apos;URL&amp;apos; is required by @Test on method Mobile but has not been marked @Optional or defined
in C:\Users\nagae\eclipse-workspace\OnlineJavaVideos\testng.xml">
      <![CDATA[org.testng.TestNGException: 
Parameter 'URL' is required by @Test on method Mobile but has not been marked @Optional or defined
in C:\Users\nagae\eclipse-workspace\OnlineJavaVideos\testng.xml
at java.util.ArrayList.forEach(Unknown Source)
... Removed 26 stack frames]]>
    </failure>
  </testcase> <!-- Mobile -->
  <testcase name="Web" time="0.006" classname="testNGSec19.day2"/>
  <testcase name="API" time="0.0" classname="testNGSec19.day2">
    <ignored/>
  </testcase> <!-- API -->
</testsuite> <!-- Loan -->
