<?xml version="1.0" encoding="UTF-8"?>
<!-- Generated by org.testng.reporters.JUnitXMLReporter -->
<testsuite hostname="DESKTOP-O6MA943" ignored="5" name="Test" tests="4" failures="0" timestamp="2022-11-29T15:05:38 IST" time="0.183" errors="0">
  <testcase name="Demo1" time="0.022" classname="testNGSec19.day1"/>
  <testcase name="Web" time="0.003" classname="testNGSec19.day2"/>
  <testcase name="Demo1" time="0.005" classname="testNGSec19.day3"/>
  <testcase name="Demo2" time="0.004" classname="testNGSec19.day3"/>
  <testcase name="API" time="0.0" classname="testNGSec19.day2">
    <ignored/>
  </testcase> <!-- API -->
  <testcase name="Mobile" time="0.0" classname="testNGSec19.day2">
    <ignored/>
  </testcase> <!-- Mobile -->
  <testcase name="Demo" time="0.0" classname="testNGSec19.day3">
    <ignored/>
  </testcase> <!-- Demo -->
  <testcase name="Demo2" time="0.0" classname="testNGSec19.day1">
    <ignored/>
  </testcase> <!-- Demo2 -->
  <testcase name="Demo" time="0.0" classname="testNGSec19.day1">
    <ignored/>
  </testcase> <!-- Demo -->
</testsuite> <!-- Test -->
