<?xml version="1.0" encoding="UTF-8"?>
<!-- Generated by org.testng.reporters.JUnitXMLReporter -->
<testsuite hostname="DESKTOP-O6MA943" ignored="1" name="Test1" tests="2" failures="0" timestamp="2022-01-17T12:59:03 IST" time="0.016" errors="0">
  <testcase name="Web" time="0.0" classname="testNGSec19.day2"/>
  <testcase name="API" time="0.016" classname="testNGSec19.day2"/>
  <testcase name="Mobile" time="0.0" classname="testNGSec19.day2">
    <ignored/>
  </testcase> <!-- Mobile -->
</testsuite> <!-- Test1 -->
